<?xml version="1.0" encoding="UTF-8"?>
<!-- Generated by org.testng.reporters.JUnitXMLReporter -->
<testsuite hostname="basekun-PC" name="Default test" tests="1" failures="0" timestamp="23 Oct 2018 13:29:16 GMT" time="60.026" errors="0">
  <testcase name="@BeforeClass beforeClass" time="0.0" classname="tests.MyFirstClass">
    <failure type="org.openqa.selenium.WebDriverException" message="Failed to connect to binary FirefoxBinary(C:\Program Files\Mozilla Firefox\firefox.exe) on port 7055; process output follows: 
&amp;quot;active&amp;quot;:false,&amp;quot;userDisabled&amp;quot;:true,&amp;quot;appDisabled&amp;quot;:true,&amp;quot;descriptor&amp;quot;:&amp;quot;C:\\Program Files\\HP\\Digital Imaging\\Smart Web Printing\\MozillaAddOn3&amp;quot;,&amp;quot;installDate&amp;quot;:1366421692883,&amp;quot;updateDate&amp;quot;:1366421692883,&amp;quot;applyBackgroundUpdates&amp;quot;:1,&amp;quot;bootstrap&amp;quot;:false,&amp;quot;size&amp;quot;:17569696,&amp;quot;sourceURI&amp;quot;:null,&amp;quot;releaseNotesURI&amp;quot;:null,&amp;quot;softDisabled&amp;quot;:false,&amp;quot;foreignInstall&amp;quot;:true,&amp;quot;hasBinaryComponents&amp;quot;:false,&amp;quot;strictCompatibility&amp;quot;:false,&amp;quot;locales&amp;quot;:[],&amp;quot;targetApplications&amp;quot;:[{&amp;quot;id&amp;quot;:&amp;quot;{ec8030f7-c20a-464f-9b0e-13a3a9e97384}&amp;quot;,&amp;quot;minVersion&amp;quot;:&amp;quot;3.0.0.0&amp;quot;,&amp;quot;maxVersion&amp;quot;:&amp;quot;3.*.*.*&amp;quot;}],&amp;quot;targetPlatforms&amp;quot;:[{&amp;quot;os&amp;quot;:&amp;quot;WINNT&amp;quot;,&amp;quot;abi&amp;quot;:&amp;quot;x86-msvc&amp;quot;}],&amp;quot;multiprocessCompatible&amp;quot;:false,&amp;quot;signedState&amp;quot;:0}
1540301343465	addons.xpi	DEBUG	Updating XPIState for {&amp;quot;id&amp;quot;:&amp;quot;{972ce4c6-7e08-4474-a285-3208198ce6fd}&amp;quot;,&amp;quot;syncGUID&amp;quot;:&amp;quot;Q0vvJKRC8ihL&amp;quot;,&amp;quot;location&amp;quot;:&amp;quot;app-global&amp;quot;,&amp;quot;version&amp;quot;:&amp;quot;43.0.1&amp;quot;,&amp;quot;type&amp;quot;:&amp;quot;theme&amp;quot;,&amp;quot;internalName&amp;quot;:&amp;quot;classic/1.0&amp;quot;,&amp;quot;updateURL&amp;quot;:null,&amp;quot;updateKey&amp;quot;:null,&amp;quot;optionsURL&amp;quot;:null,&amp;quot;optionsType&amp;quot;:null,&amp;quot;aboutURL&amp;quot;:null,&amp;quot;iconURL&amp;quot;:null,&amp;quot;icon64URL&amp;quot;:null,&amp;quot;defaultLocale&amp;quot;:{&amp;quot;name&amp;quot;:&amp;quot;Default&amp;quot;,&amp;quot;description&amp;quot;:&amp;quot;The default theme.&amp;quot;,&amp;quot;creator&amp;quot;:&amp;quot;Mozilla&amp;quot;,&amp;quot;homepageURL&amp;quot;:null,&amp;quot;contributors&amp;quot;:[&amp;quot;Mozilla Contributors&amp;quot;]},&amp;quot;visible&amp;quot;:true,&amp;quot;active&amp;quot;:true,&amp;quot;userDisabled&amp;quot;:false,&amp;quot;appDisabled&amp;quot;:false,&amp;quot;descriptor&amp;quot;:&amp;quot;C:\\Program Files\\Mozilla Firefox\\browser\\extensions\\{972ce4c6-7e08-4474-a285-3208198ce6fd}&amp;quot;,&amp;quot;installDate&amp;quot;:1521663737009,&amp;quot;updateDate&amp;quot;:1521663737009,&amp;quot;applyBackgroundUpdates&amp;quot;:1,&amp;quot;skinnable&amp;quot;:true,&amp;quot;size&amp;quot;:24172,&amp;quot;sourceURI&amp;quot;:null,&amp;quot;releaseNotesURI&amp;quot;:null,&amp;quot;softDisabled&amp;quot;:false,&amp;quot;foreignInstall&amp;quot;:false,&amp;quot;hasBinaryComponents&amp;quot;:false,&amp;quot;strictCompatibility&amp;quot;:true,&amp;quot;locales&amp;quot;:[],&amp;quot;targetApplications&amp;quot;:[{&amp;quot;id&amp;quot;:&amp;quot;{ec8030f7-c20a-464f-9b0e-13a3a9e97384}&amp;quot;,&amp;quot;minVersion&amp;quot;:&amp;quot;43.0.1&amp;quot;,&amp;quot;maxVersion&amp;quot;:&amp;quot;43.0.1&amp;quot;}],&amp;quot;targetPlatforms&amp;quot;:[]}
1540301343465	addons.xpi	DEBUG	getModTime: Recursive scan of {972ce4c6-7e08-4474-a285-3208198ce6fd}
1540301343467	addons.xpi	DEBUG	Updating XPIState for {&amp;quot;id&amp;quot;:&amp;quot;fftmtoolbar@trendmicro.com&amp;quot;,&amp;quot;syncGUID&amp;quot;:&amp;quot;cKq573VDlVo5&amp;quot;,&amp;quot;location&amp;quot;:&amp;quot;winreg-app-global&amp;quot;,&amp;quot;version&amp;quot;:&amp;quot;15.0.0.1151&amp;quot;,&amp;quot;type&amp;quot;:&amp;quot;webextension&amp;quot;,&amp;quot;internalName&amp;quot;:null,&amp;quot;updateURL&amp;quot;:null,&amp;quot;updateKey&amp;quot;:null,&amp;quot;optionsURL&amp;quot;:null,&amp;quot;optionsType&amp;quot;:null,&amp;quot;aboutURL&amp;quot;:null,&amp;quot;iconURL&amp;quot;:null,&amp;quot;icon64URL&amp;quot;:null,&amp;quot;defaultLocale&amp;quot;:{&amp;quot;name&amp;quot;:&amp;quot;__MSG_toolbar_name__&amp;quot;,&amp;quot;description&amp;quot;:&amp;quot;__MSG_toolbar_description__&amp;quot;,&amp;quot;creator&amp;quot;:null,&amp;quot;homepageURL&amp;quot;:null,&amp;quot;developers&amp;quot;:null,&amp;quot;translators&amp;quot;:null,&amp;quot;contributors&amp;quot;:null},&amp;quot;visible&amp;quot;:true,&amp;quot;active&amp;quot;:false,&amp;quot;userDisabled&amp;quot;:true,&amp;quot;appDisabled&amp;quot;:false,&amp;quot;descriptor&amp;quot;:&amp;quot;C:\\Program Files\\Trend Micro\\Titanium\\UIFramework\\Toolbar\\firefoxextension&amp;quot;,&amp;quot;installDate&amp;quot;:1540172640437,&amp;quot;updateDate&amp;quot;:1540172640437,&amp;quot;applyBackgroundUpdates&amp;quot;:1,&amp;quot;bootstrap&amp;quot;:true,&amp;quot;size&amp;quot;:3430728,&amp;quot;sourceURI&amp;quot;:null,&amp;quot;releaseNotesURI&amp;quot;:null,&amp;quot;softDisabled&amp;quot;:false,&amp;quot;foreignInstall&amp;quot;:true,&amp;quot;hasBinaryComponents&amp;quot;:false,&amp;quot;strictCompatibility&amp;quot;:true,&amp;quot;locales&amp;quot;:[],&amp;quot;targetApplications&amp;quot;:[{&amp;quot;id&amp;quot;:&amp;quot;toolkit@mozilla.org&amp;quot;,&amp;quot;minVersion&amp;quot;:&amp;quot;42a1&amp;quot;,&amp;quot;maxVersion&amp;quot;:&amp;quot;*&amp;quot;}],&amp;quot;targetPlatforms&amp;quot;:[],&amp;quot;multiprocessCompatible&amp;quot;:true,&amp;quot;signedState&amp;quot;:2}
1540301343467	DeferredSave.extensions.json	DEBUG	Save changes
1540301343467	addons.xpi	DEBUG	Updating database with changes to installed add-ons
1540301343468	addons.xpi-utils	DEBUG	Updating add-on states
1540301343470	addons.xpi-utils	DEBUG	Writing add-ons list
1540301343490	addons.manager	DEBUG	Registering shutdown blocker for XPIProvider
1540301343491	addons.manager	DEBUG	Provider finished startup: XPIProvider
1540301343491	addons.manager	DEBUG	Starting provider: LightweightThemeManager
1540301343491	addons.manager	DEBUG	Registering shutdown blocker for LightweightThemeManager
1540301343491	addons.manager	DEBUG	Provider finished startup: LightweightThemeManager
1540301343492	addons.manager	DEBUG	Starting provider: GMPProvider
1540301343525	addons.manager	DEBUG	Registering shutdown blocker for GMPProvider
1540301343525	addons.manager	DEBUG	Provider finished startup: GMPProvider
1540301343525	addons.manager	DEBUG	Starting provider: PluginProvider
1540301343526	addons.manager	DEBUG	Registering shutdown blocker for PluginProvider
1540301343526	addons.manager	DEBUG	Provider finished startup: PluginProvider
1540301343526	addons.manager	DEBUG	Completed startup sequence

Build info: version: &amp;apos;2.53.1&amp;apos;, revision: &amp;apos;a36b8b1cd5757287168e54b817830adce9b0158d&amp;apos;, time: &amp;apos;2016-06-30 19:26:09&amp;apos;
System info: host: &amp;apos;basekun-PC&amp;apos;, ip: &amp;apos;10.8.8.127&amp;apos;, os.name: &amp;apos;Windows 7&amp;apos;, os.arch: &amp;apos;x86&amp;apos;, os.version: &amp;apos;6.1&amp;apos;, java.version: &amp;apos;1.8.0_161&amp;apos;
Driver info: driver.version: FirefoxDriver">
      <![CDATA[org.openqa.selenium.WebDriverException: Failed to connect to binary FirefoxBinary(C:\Program Files\Mozilla Firefox\firefox.exe) on port 7055; process output follows: 
"active":false,"userDisabled":true,"appDisabled":true,"descriptor":"C:\\Program Files\\HP\\Digital Imaging\\Smart Web Printing\\MozillaAddOn3","installDate":1366421692883,"updateDate":1366421692883,"applyBackgroundUpdates":1,"bootstrap":false,"size":17569696,"sourceURI":null,"releaseNotesURI":null,"softDisabled":false,"foreignInstall":true,"hasBinaryComponents":false,"strictCompatibility":false,"locales":[],"targetApplications":[{"id":"{ec8030f7-c20a-464f-9b0e-13a3a9e97384}","minVersion":"3.0.0.0","maxVersion":"3.*.*.*"}],"targetPlatforms":[{"os":"WINNT","abi":"x86-msvc"}],"multiprocessCompatible":false,"signedState":0}
1540301343465	addons.xpi	DEBUG	Updating XPIState for {"id":"{972ce4c6-7e08-4474-a285-3208198ce6fd}","syncGUID":"Q0vvJKRC8ihL","location":"app-global","version":"43.0.1","type":"theme","internalName":"classic/1.0","updateURL":null,"updateKey":null,"optionsURL":null,"optionsType":null,"aboutURL":null,"iconURL":null,"icon64URL":null,"defaultLocale":{"name":"Default","description":"The default theme.","creator":"Mozilla","homepageURL":null,"contributors":["Mozilla Contributors"]},"visible":true,"active":true,"userDisabled":false,"appDisabled":false,"descriptor":"C:\\Program Files\\Mozilla Firefox\\browser\\extensions\\{972ce4c6-7e08-4474-a285-3208198ce6fd}","installDate":1521663737009,"updateDate":1521663737009,"applyBackgroundUpdates":1,"skinnable":true,"size":24172,"sourceURI":null,"releaseNotesURI":null,"softDisabled":false,"foreignInstall":false,"hasBinaryComponents":false,"strictCompatibility":true,"locales":[],"targetApplications":[{"id":"{ec8030f7-c20a-464f-9b0e-13a3a9e97384}","minVersion":"43.0.1","maxVersion":"43.0.1"}],"targetPlatforms":[]}
1540301343465	addons.xpi	DEBUG	getModTime: Recursive scan of {972ce4c6-7e08-4474-a285-3208198ce6fd}
1540301343467	addons.xpi	DEBUG	Updating XPIState for {"id":"fftmtoolbar@trendmicro.com","syncGUID":"cKq573VDlVo5","location":"winreg-app-global","version":"15.0.0.1151","type":"webextension","internalName":null,"updateURL":null,"updateKey":null,"optionsURL":null,"optionsType":null,"aboutURL":null,"iconURL":null,"icon64URL":null,"defaultLocale":{"name":"__MSG_toolbar_name__","description":"__MSG_toolbar_description__","creator":null,"homepageURL":null,"developers":null,"translators":null,"contributors":null},"visible":true,"active":false,"userDisabled":true,"appDisabled":false,"descriptor":"C:\\Program Files\\Trend Micro\\Titanium\\UIFramework\\Toolbar\\firefoxextension","installDate":1540172640437,"updateDate":1540172640437,"applyBackgroundUpdates":1,"bootstrap":true,"size":3430728,"sourceURI":null,"releaseNotesURI":null,"softDisabled":false,"foreignInstall":true,"hasBinaryComponents":false,"strictCompatibility":true,"locales":[],"targetApplications":[{"id":"toolkit@mozilla.org","minVersion":"42a1","maxVersion":"*"}],"targetPlatforms":[],"multiprocessCompatible":true,"signedState":2}
1540301343467	DeferredSave.extensions.json	DEBUG	Save changes
1540301343467	addons.xpi	DEBUG	Updating database with changes to installed add-ons
1540301343468	addons.xpi-utils	DEBUG	Updating add-on states
1540301343470	addons.xpi-utils	DEBUG	Writing add-ons list
1540301343490	addons.manager	DEBUG	Registering shutdown blocker for XPIProvider
1540301343491	addons.manager	DEBUG	Provider finished startup: XPIProvider
1540301343491	addons.manager	DEBUG	Starting provider: LightweightThemeManager
1540301343491	addons.manager	DEBUG	Registering shutdown blocker for LightweightThemeManager
1540301343491	addons.manager	DEBUG	Provider finished startup: LightweightThemeManager
1540301343492	addons.manager	DEBUG	Starting provider: GMPProvider
1540301343525	addons.manager	DEBUG	Registering shutdown blocker for GMPProvider
1540301343525	addons.manager	DEBUG	Provider finished startup: GMPProvider
1540301343525	addons.manager	DEBUG	Starting provider: PluginProvider
1540301343526	addons.manager	DEBUG	Registering shutdown blocker for PluginProvider
1540301343526	addons.manager	DEBUG	Provider finished startup: PluginProvider
1540301343526	addons.manager	DEBUG	Completed startup sequence

Build info: version: '2.53.1', revision: 'a36b8b1cd5757287168e54b817830adce9b0158d', time: '2016-06-30 19:26:09'
System info: host: 'basekun-PC', ip: '10.8.8.127', os.name: 'Windows 7', os.arch: 'x86', os.version: '6.1', java.version: '1.8.0_161'
Driver info: driver.version: FirefoxDriver
	at org.openqa.selenium.firefox.internal.NewProfileExtensionConnection.start(NewProfileExtensionConnection.java:125)
	at org.openqa.selenium.firefox.FirefoxDriver.startClient(FirefoxDriver.java:271)
	at org.openqa.selenium.remote.RemoteWebDriver.<init>(RemoteWebDriver.java:119)
	at org.openqa.selenium.firefox.FirefoxDriver.<init>(FirefoxDriver.java:216)
	at org.openqa.selenium.firefox.FirefoxDriver.<init>(FirefoxDriver.java:211)
	at org.openqa.selenium.firefox.FirefoxDriver.<init>(FirefoxDriver.java:207)
	at org.openqa.selenium.firefox.FirefoxDriver.<init>(FirefoxDriver.java:120)
	at tests.MyFirstClass.beforeClass(MyFirstClass.java:24)
	at sun.reflect.NativeMethodAccessorImpl.invoke0(Native Method)
	at sun.reflect.NativeMethodAccessorImpl.invoke(NativeMethodAccessorImpl.java:62)
	at sun.reflect.DelegatingMethodAccessorImpl.invoke(DelegatingMethodAccessorImpl.java:43)
	at java.lang.reflect.Method.invoke(Method.java:498)
	at org.testng.internal.MethodInvocationHelper.invokeMethod(MethodInvocationHelper.java:80)
	at org.testng.internal.Invoker.invokeConfigurationMethod(Invoker.java:564)
	at org.testng.internal.Invoker.invokeConfigurations(Invoker.java:213)
	at org.testng.internal.Invoker.invokeConfigurations(Invoker.java:138)
	at org.testng.internal.TestMethodWorker.invokeBeforeClassMethods(TestMethodWorker.java:175)
	at org.testng.internal.TestMethodWorker.run(TestMethodWorker.java:107)
	at org.testng.TestRunner.privateRun(TestRunner.java:767)
	at org.testng.TestRunner.run(TestRunner.java:617)
	at org.testng.SuiteRunner.runTest(SuiteRunner.java:334)
	at org.testng.SuiteRunner.runSequentially(SuiteRunner.java:329)
	at org.testng.SuiteRunner.privateRun(SuiteRunner.java:291)
	at org.testng.SuiteRunner.run(SuiteRunner.java:240)
	at org.testng.SuiteRunnerWorker.runSuite(SuiteRunnerWorker.java:52)
	at org.testng.SuiteRunnerWorker.run(SuiteRunnerWorker.java:86)
	at org.testng.TestNG.runSuitesSequentially(TestNG.java:1198)
	at org.testng.TestNG.runSuitesLocally(TestNG.java:1123)
	at org.testng.TestNG.run(TestNG.java:1031)
	at org.testng.remote.AbstractRemoteTestNG.run(AbstractRemoteTestNG.java:114)
	at org.testng.remote.RemoteTestNG.initAndRun(RemoteTestNG.java:251)
	at org.testng.remote.RemoteTestNG.main(RemoteTestNG.java:77)
Caused by: org.openqa.selenium.firefox.NotConnectedException: Unable to connect to host 127.0.0.1 on port 7055 after 45000 ms. Firefox console output:
"active":false,"userDisabled":true,"appDisabled":true,"descriptor":"C:\\Program Files\\HP\\Digital Imaging\\Smart Web Printing\\MozillaAddOn3","installDate":1366421692883,"updateDate":1366421692883,"applyBackgroundUpdates":1,"bootstrap":false,"size":17569696,"sourceURI":null,"releaseNotesURI":null,"softDisabled":false,"foreignInstall":true,"hasBinaryComponents":false,"strictCompatibility":false,"locales":[],"targetApplications":[{"id":"{ec8030f7-c20a-464f-9b0e-13a3a9e97384}","minVersion":"3.0.0.0","maxVersion":"3.*.*.*"}],"targetPlatforms":[{"os":"WINNT","abi":"x86-msvc"}],"multiprocessCompatible":false,"signedState":0}
1540301343465	addons.xpi	DEBUG	Updating XPIState for {"id":"{972ce4c6-7e08-4474-a285-3208198ce6fd}","syncGUID":"Q0vvJKRC8ihL","location":"app-global","version":"43.0.1","type":"theme","internalName":"classic/1.0","updateURL":null,"updateKey":null,"optionsURL":null,"optionsType":null,"aboutURL":null,"iconURL":null,"icon64URL":null,"defaultLocale":{"name":"Default","description":"The default theme.","creator":"Mozilla","homepageURL":null,"contributors":["Mozilla Contributors"]},"visible":true,"active":true,"userDisabled":false,"appDisabled":false,"descriptor":"C:\\Program Files\\Mozilla Firefox\\browser\\extensions\\{972ce4c6-7e08-4474-a285-3208198ce6fd}","installDate":1521663737009,"updateDate":1521663737009,"applyBackgroundUpdates":1,"skinnable":true,"size":24172,"sourceURI":null,"releaseNotesURI":null,"softDisabled":false,"foreignInstall":false,"hasBinaryComponents":false,"strictCompatibility":true,"locales":[],"targetApplications":[{"id":"{ec8030f7-c20a-464f-9b0e-13a3a9e97384}","minVersion":"43.0.1","maxVersion":"43.0.1"}],"targetPlatforms":[]}
1540301343465	addons.xpi	DEBUG	getModTime: Recursive scan of {972ce4c6-7e08-4474-a285-3208198ce6fd}
1540301343467	addons.xpi	DEBUG	Updating XPIState for {"id":"fftmtoolbar@trendmicro.com","syncGUID":"cKq573VDlVo5","location":"winreg-app-global","version":"15.0.0.1151","type":"webextension","internalName":null,"updateURL":null,"updateKey":null,"optionsURL":null,"optionsType":null,"aboutURL":null,"iconURL":null,"icon64URL":null,"defaultLocale":{"name":"__MSG_toolbar_name__","description":"__MSG_toolbar_description__","creator":null,"homepageURL":null,"developers":null,"translators":null,"contributors":null},"visible":true,"active":false,"userDisabled":true,"appDisabled":false,"descriptor":"C:\\Program Files\\Trend Micro\\Titanium\\UIFramework\\Toolbar\\firefoxextension","installDate":1540172640437,"updateDate":1540172640437,"applyBackgroundUpdates":1,"bootstrap":true,"size":3430728,"sourceURI":null,"releaseNotesURI":null,"softDisabled":false,"foreignInstall":true,"hasBinaryComponents":false,"strictCompatibility":true,"locales":[],"targetApplications":[{"id":"toolkit@mozilla.org","minVersion":"42a1","maxVersion":"*"}],"targetPlatforms":[],"multiprocessCompatible":true,"signedState":2}
1540301343467	DeferredSave.extensions.json	DEBUG	Save changes
1540301343467	addons.xpi	DEBUG	Updating database with changes to installed add-ons
1540301343468	addons.xpi-utils	DEBUG	Updating add-on states
1540301343470	addons.xpi-utils	DEBUG	Writing add-ons list
1540301343490	addons.manager	DEBUG	Registering shutdown blocker for XPIProvider
1540301343491	addons.manager	DEBUG	Provider finished startup: XPIProvider
1540301343491	addons.manager	DEBUG	Starting provider: LightweightThemeManager
1540301343491	addons.manager	DEBUG	Registering shutdown blocker for LightweightThemeManager
1540301343491	addons.manager	DEBUG	Provider finished startup: LightweightThemeManager
1540301343492	addons.manager	DEBUG	Starting provider: GMPProvider
1540301343525	addons.manager	DEBUG	Registering shutdown blocker for GMPProvider
1540301343525	addons.manager	DEBUG	Provider finished startup: GMPProvider
1540301343525	addons.manager	DEBUG	Starting provider: PluginProvider
1540301343526	addons.manager	DEBUG	Registering shutdown blocker for PluginProvider
1540301343526	addons.manager	DEBUG	Provider finished startup: PluginProvider
1540301343526	addons.manager	DEBUG	Completed startup sequence

	at org.openqa.selenium.firefox.internal.NewProfileExtensionConnection.start(NewProfileExtensionConnection.java:113)
	... 31 more
]]>
    </failure>
  </testcase> <!-- @BeforeClass beforeClass -->
  <testcase name="@AfterClass afterClass" time="0.0" classname="tests.MyFirstClass">
    <skipped/>
  </testcase> <!-- @AfterClass afterClass -->
  <testcase name="openMyBlog" time="0.001" classname="tests.MyFirstClass">
    <skipped/>
  </testcase> <!-- openMyBlog -->
</testsuite> <!-- Default test -->
